client/build/app/intermediates/manifest_merge_blame_file/debug/processDebugMainManifest/manifest-merger-blame-debug-report.txt
1<?xml version="1.0" encoding="utf-8"?>
2<manifest xmlns:android="http://schemas.android.com/apk/res/android"
3    package="com.app.outfitstyle"
4    android:versionCode="1"
5    android:versionName="1.0.0" >
6
7    <uses-sdk
8        android:minSdkVersion="24"
9        android:targetSdkVersion="36" />
10    <!--
11         The INTERNET permission is required for development. Specifically,
12         the Flutter tool needs it to communicate with the running application
13         to allow setting breakpoints, to provide hot reload, etc.
14    -->
15    <uses-permission android:name="android.permission.INTERNET" />
15-->src\main\AndroidManifest.xml:3:5-66
15-->src\main\AndroidManifest.xml:3:22-64
16    <uses-permission android:name="android.permission.RECEIVE_BOOT_COMPLETED" />
16-->src\main\AndroidManifest.xml:4:5-80
16-->src\main\AndroidManifest.xml:4:22-78
17    <uses-permission android:name="android.permission.VIBRATE" />
17-->src\main\AndroidManifest.xml:5:5-65
17-->src\main\AndroidManifest.xml:5:22-63
18    <uses-permission android:name="android.permission.POST_NOTIFICATIONS" />
18-->src\main\AndroidManifest.xml:6:5-76
18-->src\main\AndroidManifest.xml:6:22-74
19    <uses-permission android:name="android.permission.SCHEDULE_EXACT_ALARM" />
19-->src\main\AndroidManifest.xml:7:5-78
19-->src\main\AndroidManifest.xml:7:22-76
20    <uses-permission android:name="android.permission.USE_EXACT_ALARM" /> <!-- Геолокация -->
20-->src\main\AndroidManifest.xml:8:5-73
20-->src\main\AndroidManifest.xml:8:22-71
21    <uses-permission android:name="android.permission.ACCESS_FINE_LOCATION" />
21-->src\main\AndroidManifest.xml:11:5-78
21-->src\main\AndroidManifest.xml:11:22-76
22    <uses-permission android:name="android.permission.ACCESS_COARSE_LOCATION" />
22-->src\main\AndroidManifest.xml:12:5-80
22-->src\main\AndroidManifest.xml:12:22-78
23    <uses-permission android:name="android.permission.ACCESS_BACKGROUND_LOCATION" />
23-->src\main\AndroidManifest.xml:13:5-84
23-->src\main\AndroidManifest.xml:13:22-82
24    <!--
25 Required to query activities that can process text, see:
26         https://developer.android.com/training/package-visibility and
27         https://developer.android.com/reference/android/content/Intent#ACTION_PROCESS_TEXT.
28
29         In particular, this is used by the Flutter engine in io.flutter.plugin.text.ProcessTextPlugin.
30    -->
31    <queries>
31-->src\main\AndroidManifest.xml:77:5-82:15
32        <intent>
32-->src\main\AndroidManifest.xml:78:9-81:18
33            <action android:name="android.intent.action.PROCESS_TEXT" />
33-->src\main\AndroidManifest.xml:79:13-72
33-->src\main\AndroidManifest.xml:79:21-70
34
35            <data android:mimeType="text/plain" />
35-->src\main\AndroidManifest.xml:80:13-50
35-->src\main\AndroidManifest.xml:80:19-48
36        </intent>
37    </queries>
38
39    <uses-permission android:name="android.permission.ACCESS_NETWORK_STATE" />
39-->[:connectivity_plus] AndroidManifest.xml:7:5-79
39-->[:connectivity_plus] AndroidManifest.xml:7:22-76
40    <uses-permission android:name="android.permission.WAKE_LOCK" /> <!-- Required by older versions of Google Play services to create IID tokens -->
40-->[:firebase_analytics] AndroidManifest.xml:9:5-68
40-->[:firebase_analytics] AndroidManifest.xml:9:22-65
41    <uses-permission android:name="com.google.android.c2dm.permission.RECEIVE" />
41-->[com.google.firebase:firebase-iid:21.1.0] AndroidManifest.xml:26:5-82
41-->[com.google.firebase:firebase-iid:21.1.0] AndroidManifest.xml:26:22-79
42    <uses-permission android:name="com.google.android.finsky.permission.BIND_GET_INSTALL_REFERRER_SERVICE" />
42-->[com.google.android.gms:play-services-measurement:21.6.1] AndroidManifest.xml:26:5-110
42-->[com.google.android.gms:play-services-measurement:21.6.1] AndroidManifest.xml:26:22-107
43    <uses-permission android:name="com.google.android.gms.permission.AD_ID" />
43-->[com.google.android.gms:play-services-measurement-impl:21.6.1] AndroidManifest.xml:27:5-79
43-->[com.google.android.gms:play-services-measurement-impl:21.6.1] AndroidManifest.xml:27:22-76
44    <uses-permission android:name="android.permission.ACCESS_ADSERVICES_ATTRIBUTION" />
44-->[com.google.android.gms:play-services-measurement-api:21.6.1] AndroidManifest.xml:26:5-88
44-->[com.google.android.gms:play-services-measurement-api:21.6.1] AndroidManifest.xml:26:22-85
45    <uses-permission android:name="android.permission.ACCESS_ADSERVICES_AD_ID" />
45-->[com.google.android.gms:play-services-measurement-api:21.6.1] AndroidManifest.xml:27:5-82
45-->[com.google.android.gms:play-services-measurement-api:21.6.1] AndroidManifest.xml:27:22-79
46    <uses-permission android:name="com.google.android.providers.gsf.permission.READ_GSERVICES" />
46-->[com.google.android.recaptcha:recaptcha:18.4.0] AndroidManifest.xml:9:5-98
46-->[com.google.android.recaptcha:recaptcha:18.4.0] AndroidManifest.xml:9:22-95
47
48    <permission
48-->[androidx.core:core:1.17.0] AndroidManifest.xml:22:5-24:47
49        android:name="com.app.outfitstyle.DYNAMIC_RECEIVER_NOT_EXPORTED_PERMISSION"
49-->[androidx.core:core:1.17.0] AndroidManifest.xml:23:9-81
50        android:protectionLevel="signature" />
50-->[androidx.core:core:1.17.0] AndroidManifest.xml:24:9-44
51
52    <uses-permission android:name="com.app.outfitstyle.DYNAMIC_RECEIVER_NOT_EXPORTED_PERMISSION" />
52-->[androidx.core:core:1.17.0] AndroidManifest.xml:26:5-97
52-->[androidx.core:core:1.17.0] AndroidManifest.xml:26:22-94
53
54    <application
55        android:name="android.app.Application"
56        android:appComponentFactory="androidx.core.app.CoreComponentFactory"
56-->[androidx.core:core:1.17.0] AndroidManifest.xml:28:18-86
57        android:debuggable="true"
58        android:extractNativeLibs="false"
59        android:icon="@mipmap/ic_launcher"
60        android:label="outfitstyle_client" >
61
62        <!-- Firebase Cloud Messaging -->
63        <meta-data
64            android:name="com.google.firebase.messaging.default_notification_channel_id"
65            android:value="high_importance_channel" />
66        <meta-data
67            android:name="com.google.firebase.messaging.default_notification_icon"
68            android:resource="@mipmap/ic_launcher" />
69        <meta-data
70            android:name="com.google.firebase.messaging.default_notification_color"
71            android:resource="@color/notification_color" />
72
73        <activity
74            android:name="com.app.outfitstyle.MainActivity"
75            android:configChanges="orientation|keyboardHidden|keyboard|screenSize|smallestScreenSize|locale|layoutDirection|fontScale|screenLayout|density|uiMode"
76            android:exported="true"
77            android:hardwareAccelerated="true"
78            android:launchMode="singleTop"
79            android:showWhenLocked="true"
80            android:taskAffinity=""
81            android:theme="@style/LaunchTheme"
82            android:turnScreenOn="true"
83            android:windowSoftInputMode="adjustResize" >
84
85            <!--
86                 Specifies an Android theme to apply to this Activity as soon as
87                 the Android process has started. This theme is visible to the user
88                 while the Flutter UI initializes. After that, this theme continues
89                 to determine the Window background behind the Flutter UI.
90            -->
91            <meta-data
92                android:name="io.flutter.embedding.android.NormalTheme"
93                android:resource="@style/NormalTheme" />
94
95            <intent-filter>
96                <action android:name="android.intent.action.MAIN" />
97
98                <category android:name="android.intent.category.LAUNCHER" />
99            </intent-filter>
100        </activity>
101        <!--
102             Don't delete the meta-data below.
103             This is used by the Flutter tool to generate GeneratedPluginRegistrant.java
104        -->
105        <meta-data
106            android:name="flutterEmbedding"
107            android:value="2" />
108
109        <!-- Уведомления - канал для Android 8+ -->
110        <receiver
111            android:name="com.dexterous.flutterlocalnotifications.ScheduledNotificationReceiver"
112            android:exported="false" />
113        <receiver
114            android:name="com.dexterous.flutterlocalnotifications.ScheduledNotificationBootReceiver"
115            android:exported="false" >
116            <intent-filter>
117                <action android:name="android.intent.action.BOOT_COMPLETED" />
118                <action android:name="android.intent.action.MY_PACKAGE_REPLACED" />
119                <action android:name="android.intent.action.QUICKBOOT_POWERON" />
120                <action android:name="com.htc.intent.action.QUICKBOOT_POWERON" />
121            </intent-filter>
122        </receiver>
123        <!--
124           Declares a provider which allows us to store files to share in
125           '.../caches/share_plus' and grant the receiving action access
126        -->
127        <provider
127-->[:share_plus] AndroidManifest.xml:13:9-21:20
128            android:name="dev.fluttercommunity.plus.share.ShareFileProvider"
128-->[:share_plus] AndroidManifest.xml:14:13-77
129            android:authorities="com.app.outfitstyle.flutter.share_provider"
129-->[:share_plus] AndroidManifest.xml:15:13-74
130            android:exported="false"
130-->[:share_plus] AndroidManifest.xml:16:13-37
131            android:grantUriPermissions="true" >
131-->[:share_plus] AndroidManifest.xml:17:13-47
132            <meta-data
132-->[:share_plus] AndroidManifest.xml:18:13-20:68
133                android:name="android.support.FILE_PROVIDER_PATHS"
133-->[:share_plus] AndroidManifest.xml:19:17-67
134                android:resource="@xml/flutter_share_file_paths" />
134-->[:share_plus] AndroidManifest.xml:20:17-65
135        </provider>
136        <!--
137           This manifest declared broadcast receiver allows us to use an explicit
138           Intent when creating a PendingItent to be informed of the user's choice
139        -->
140        <receiver
140-->[:share_plus] AndroidManifest.xml:26:9-32:20
141            android:name="dev.fluttercommunity.plus.share.SharePlusPendingIntent"
141-->[:share_plus] AndroidManifest.xml:27:13-82
142            android:exported="false" >
142-->[:share_plus] AndroidManifest.xml:28:13-37
143            <intent-filter>
143-->[:share_plus] AndroidManifest.xml:29:13-31:29
144                <action android:name="EXTRA_CHOSEN_COMPONENT" />
144-->[:share_plus] AndroidManifest.xml:30:17-65
144-->[:share_plus] AndroidManifest.xml:30:25-62
145            </intent-filter>
146        </receiver>
147
148        <service
148-->[:geolocator_android] AndroidManifest.xml:8:9-12:56
149            android:name="com.baseflow.geolocator.GeolocatorLocationService"
149-->[:geolocator_android] AndroidManifest.xml:9:13-77
150            android:enabled="true"
150-->[:geolocator_android] AndroidManifest.xml:10:13-35
151            android:exported="false"
151-->[:geolocator_android] AndroidManifest.xml:11:13-37
152            android:foregroundServiceType="location" />
152-->[:geolocator_android] AndroidManifest.xml:12:13-53
153
154        <activity
154-->[:url_launcher_android] AndroidManifest.xml:8:9-11:74
155            android:name="io.flutter.plugins.urllauncher.WebViewActivity"
155-->[:url_launcher_android] AndroidManifest.xml:9:13-74
156            android:exported="false"
156-->[:url_launcher_android] AndroidManifest.xml:10:13-37
157            android:theme="@android:style/Theme.NoTitleBar.Fullscreen" />
157-->[:url_launcher_android] AndroidManifest.xml:11:13-71
158
159        <service
159-->[:cloud_firestore] AndroidManifest.xml:8:9-12:19
160            android:name="com.google.firebase.components.ComponentDiscoveryService"
160-->[:cloud_firestore] AndroidManifest.xml:8:18-89
161            android:directBootAware="true"
161-->[com.google.firebase:firebase-common:20.4.3] AndroidManifest.xml:32:13-43
162            android:exported="false" >
162-->[com.google.firebase:firebase-iid:21.1.0] AndroidManifest.xml:31:13-37
163            <meta-data
163-->[:cloud_firestore] AndroidManifest.xml:9:13-11:85
164                android:name="com.google.firebase.components:io.flutter.plugins.firebase.firestore.FlutterFirebaseFirestoreRegistrar"
164-->[:cloud_firestore] AndroidManifest.xml:10:17-134
165                android:value="com.google.firebase.components.ComponentRegistrar" />
165-->[:cloud_firestore] AndroidManifest.xml:11:17-82
166            <meta-data
166-->[:firebase_analytics] AndroidManifest.xml:13:13-15:85
167                android:name="com.google.firebase.components:io.flutter.plugins.firebase.analytics.FlutterFirebaseAppRegistrar"
167-->[:firebase_analytics] AndroidManifest.xml:14:17-128
168                android:value="com.google.firebase.components.ComponentRegistrar" />
168-->[:firebase_analytics] AndroidManifest.xml:15:17-82
169            <meta-data
169-->[:firebase_auth] AndroidManifest.xml:9:13-11:85
170                android:name="com.google.firebase.components:io.flutter.plugins.firebase.auth.FlutterFirebaseAuthRegistrar"
170-->[:firebase_auth] AndroidManifest.xml:10:17-124
171                android:value="com.google.firebase.components.ComponentRegistrar" />
171-->[:firebase_auth] AndroidManifest.xml:11:17-82
172            <meta-data
172-->[:firebase_crashlytics] AndroidManifest.xml:9:13-11:85
173                android:name="com.google.firebase.components:io.flutter.plugins.firebase.crashlytics.FlutterFirebaseAppRegistrar"
173-->[:firebase_crashlytics] AndroidManifest.xml:10:17-130
174                android:value="com.google.firebase.components.ComponentRegistrar" />
174-->[:firebase_crashlytics] AndroidManifest.xml:11:17-82
175            <meta-data
175-->[:firebase_messaging] AndroidManifest.xml:36:13-38:85
176                android:name="com.google.firebase.components:io.flutter.plugins.firebase.messaging.FlutterFirebaseAppRegistrar"
176-->[:firebase_messaging] AndroidManifest.xml:37:17-128
177                android:value="com.google.firebase.components.ComponentRegistrar" />
177-->[:firebase_messaging] AndroidManifest.xml:38:17-82
178            <meta-data
178-->[:firebase_remote_config] AndroidManifest.xml:9:13-11:85
179                android:name="com.google.firebase.components:io.flutter.plugins.firebase.firebaseremoteconfig.FlutterFirebaseAppRegistrar"
179-->[:firebase_remote_config] AndroidManifest.xml:10:17-139
180                android:value="com.google.firebase.components.ComponentRegistrar" />
180-->[:firebase_remote_config] AndroidManifest.xml:11:17-82
181            <meta-data
181-->[:firebase_core] AndroidManifest.xml:9:13-11:85
182                android:name="com.google.firebase.components:io.flutter.plugins.firebase.core.FlutterFirebaseCoreRegistrar"
182-->[:firebase_core] AndroidManifest.xml:10:17-124
183                android:value="com.google.firebase.components.ComponentRegistrar" />
183-->[:firebase_core] AndroidManifest.xml:11:17-82
184            <meta-data
184-->[com.google.firebase:firebase-iid:21.1.0] AndroidManifest.xml:32:13-34:85
185                android:name="com.google.firebase.components:com.google.firebase.iid.Registrar"
185-->[com.google.firebase:firebase-iid:21.1.0] AndroidManifest.xml:33:17-96
186                android:value="com.google.firebase.components.ComponentRegistrar" />
186-->[com.google.firebase:firebase-iid:21.1.0] AndroidManifest.xml:34:17-82
187            <meta-data
187-->[com.google.firebase:firebase-auth:22.3.1] AndroidManifest.xml:69:13-71:85
188                android:name="com.google.firebase.components:com.google.firebase.auth.FirebaseAuthRegistrar"
188-->[com.google.firebase:firebase-auth:22.3.1] AndroidManifest.xml:70:17-109
189                android:value="com.google.firebase.components.ComponentRegistrar" />
189-->[com.google.firebase:firebase-auth:22.3.1] AndroidManifest.xml:71:17-82
190            <meta-data
190-->[com.google.firebase:firebase-messaging:23.4.1] AndroidManifest.xml:57:13-59:85
191                android:name="com.google.firebase.components:com.google.firebase.messaging.FirebaseMessagingKtxRegistrar"
191-->[com.google.firebase:firebase-messaging:23.4.1] AndroidManifest.xml:58:17-122
192                android:value="com.google.firebase.components.ComponentRegistrar" />
192-->[com.google.firebase:firebase-messaging:23.4.1] AndroidManifest.xml:59:17-82
193            <meta-data
193-->[com.google.firebase:firebase-messaging:23.4.1] AndroidManifest.xml:60:13-62:85
194                android:name="com.google.firebase.components:com.google.firebase.messaging.FirebaseMessagingRegistrar"
194-->[com.google.firebase:firebase-messaging:23.4.1] AndroidManifest.xml:61:17-119
195                android:value="com.google.firebase.components.ComponentRegistrar" />
195-->[com.google.firebase:firebase-messaging:23.4.1] AndroidManifest.xml:62:17-82
196            <meta-data
196-->[com.google.firebase:firebase-firestore:24.11.0] AndroidManifest.xml:17:13-19:85
197                android:name="com.google.firebase.components:com.google.firebase.firestore.FirebaseFirestoreKtxRegistrar"
197-->[com.google.firebase:firebase-firestore:24.11.0] AndroidManifest.xml:18:17-122
198                android:value="com.google.firebase.components.ComponentRegistrar" />
198-->[com.google.firebase:firebase-firestore:24.11.0] AndroidManifest.xml:19:17-82
199            <meta-data
199-->[com.google.firebase:firebase-firestore:24.11.0] AndroidManifest.xml:20:13-22:85
200                android:name="com.google.firebase.components:com.google.firebase.firestore.FirestoreRegistrar"
200-->[com.google.firebase:firebase-firestore:24.11.0] AndroidManifest.xml:21:17-111
201                android:value="com.google.firebase.components.ComponentRegistrar" />
201-->[com.google.firebase:firebase-firestore:24.11.0] AndroidManifest.xml:22:17-82
202            <meta-data
202-->[com.google.firebase:firebase-config:21.6.3] AndroidManifest.xml:29:13-31:85
203                android:name="com.google.firebase.components:com.google.firebase.remoteconfig.FirebaseRemoteConfigKtxRegistrar"
203-->[com.google.firebase:firebase-config:21.6.3] AndroidManifest.xml:30:17-128
204                android:value="com.google.firebase.components.ComponentRegistrar" />
204-->[com.google.firebase:firebase-config:21.6.3] AndroidManifest.xml:31:17-82
205            <meta-data
205-->[com.google.firebase:firebase-config:21.6.3] AndroidManifest.xml:32:13-34:85
206                android:name="com.google.firebase.components:com.google.firebase.remoteconfig.RemoteConfigRegistrar"
206-->[com.google.firebase:firebase-config:21.6.3] AndroidManifest.xml:33:17-117
207                android:value="com.google.firebase.components.ComponentRegistrar" />
207-->[com.google.firebase:firebase-config:21.6.3] AndroidManifest.xml:34:17-82
208            <meta-data
208-->[com.google.firebase:firebase-crashlytics:18.6.3] AndroidManifest.xml:15:13-17:85
209                android:name="com.google.firebase.components:com.google.firebase.crashlytics.FirebaseCrashlyticsKtxRegistrar"
209-->[com.google.firebase:firebase-crashlytics:18.6.3] AndroidManifest.xml:16:17-126
210                android:value="com.google.firebase.components.ComponentRegistrar" />
210-->[com.google.firebase:firebase-crashlytics:18.6.3] AndroidManifest.xml:17:17-82
211            <meta-data
211-->[com.google.firebase:firebase-crashlytics:18.6.3] AndroidManifest.xml:18:13-20:85
212                android:name="com.google.firebase.components:com.google.firebase.crashlytics.CrashlyticsRegistrar"
212-->[com.google.firebase:firebase-crashlytics:18.6.3] AndroidManifest.xml:19:17-115
213                android:value="com.google.firebase.components.ComponentRegistrar" />
213-->[com.google.firebase:firebase-crashlytics:18.6.3] AndroidManifest.xml:20:17-82
214            <meta-data
214-->[com.google.android.gms:play-services-measurement-api:21.6.1] AndroidManifest.xml:37:13-39:85
215                android:name="com.google.firebase.components:com.google.firebase.analytics.connector.internal.AnalyticsConnectorRegistrar"
215-->[com.google.android.gms:play-services-measurement-api:21.6.1] AndroidManifest.xml:38:17-139
216                android:value="com.google.firebase.components.ComponentRegistrar" />
216-->[com.google.android.gms:play-services-measurement-api:21.6.1] AndroidManifest.xml:39:17-82
217            <meta-data
217-->[com.google.firebase:firebase-sessions:1.2.3] AndroidManifest.xml:29:13-31:85
218                android:name="com.google.firebase.components:com.google.firebase.sessions.FirebaseSessionsRegistrar"
218-->[com.google.firebase:firebase-sessions:1.2.3] AndroidManifest.xml:30:17-117
219                android:value="com.google.firebase.components.ComponentRegistrar" />
219-->[com.google.firebase:firebase-sessions:1.2.3] AndroidManifest.xml:31:17-82
220            <meta-data
220-->[com.google.firebase:firebase-installations:17.2.0] AndroidManifest.xml:15:13-17:85
221                android:name="com.google.firebase.components:com.google.firebase.installations.FirebaseInstallationsKtxRegistrar"
221-->[com.google.firebase:firebase-installations:17.2.0] AndroidManifest.xml:16:17-130
222                android:value="com.google.firebase.components.ComponentRegistrar" />
222-->[com.google.firebase:firebase-installations:17.2.0] AndroidManifest.xml:17:17-82
223            <meta-data
223-->[com.google.firebase:firebase-installations:17.2.0] AndroidManifest.xml:18:13-20:85
224                android:name="com.google.firebase.components:com.google.firebase.installations.FirebaseInstallationsRegistrar"
224-->[com.google.firebase:firebase-installations:17.2.0] AndroidManifest.xml:19:17-127
225                android:value="com.google.firebase.components.ComponentRegistrar" />
225-->[com.google.firebase:firebase-installations:17.2.0] AndroidManifest.xml:20:17-82
226            <meta-data
226-->[com.google.firebase:firebase-common-ktx:20.4.3] AndroidManifest.xml:12:13-14:85
227                android:name="com.google.firebase.components:com.google.firebase.ktx.FirebaseCommonLegacyRegistrar"
227-->[com.google.firebase:firebase-common-ktx:20.4.3] AndroidManifest.xml:13:17-116
228                android:value="com.google.firebase.components.ComponentRegistrar" />
228-->[com.google.firebase:firebase-common-ktx:20.4.3] AndroidManifest.xml:14:17-82
229            <meta-data
229-->[com.google.firebase:firebase-common:20.4.3] AndroidManifest.xml:35:13-37:85
230                android:name="com.google.firebase.components:com.google.firebase.FirebaseCommonKtxRegistrar"
230-->[com.google.firebase:firebase-common:20.4.3] AndroidManifest.xml:36:17-109
231                android:value="com.google.firebase.components.ComponentRegistrar" />
231-->[com.google.firebase:firebase-common:20.4.3] AndroidManifest.xml:37:17-82
232            <meta-data
232-->[com.google.firebase:firebase-abt:21.1.1] AndroidManifest.xml:12:13-14:85
233                android:name="com.google.firebase.components:com.google.firebase.abt.component.AbtRegistrar"
233-->[com.google.firebase:firebase-abt:21.1.1] AndroidManifest.xml:13:17-109
234                android:value="com.google.firebase.components.ComponentRegistrar" />
234-->[com.google.firebase:firebase-abt:21.1.1] AndroidManifest.xml:14:17-82
235            <meta-data
235-->[com.google.firebase:firebase-datatransport:18.1.8] AndroidManifest.xml:27:13-29:85
236                android:name="com.google.firebase.components:com.google.firebase.datatransport.TransportRegistrar"
236-->[com.google.firebase:firebase-datatransport:18.1.8] AndroidManifest.xml:28:17-115
237                android:value="com.google.firebase.components.ComponentRegistrar" />
237-->[com.google.firebase:firebase-datatransport:18.1.8] AndroidManifest.xml:29:17-82
238        </service>
239        <service
239-->[:firebase_messaging] AndroidManifest.xml:14:9-17:72
240            android:name="io.flutter.plugins.firebase.messaging.FlutterFirebaseMessagingBackgroundService"
240-->[:firebase_messaging] AndroidManifest.xml:15:13-107
241            android:exported="false"
241-->[:firebase_messaging] AndroidManifest.xml:16:13-37
242            android:permission="android.permission.BIND_JOB_SERVICE" />
242-->[:firebase_messaging] AndroidManifest.xml:17:13-69
243        <service
243-->[:firebase_messaging] AndroidManifest.xml:18:9-24:19
244            android:name="io.flutter.plugins.firebase.messaging.FlutterFirebaseMessagingService"
244-->[:firebase_messaging] AndroidManifest.xml:19:13-97
245            android:exported="false" >
245-->[:firebase_messaging] AndroidManifest.xml:20:13-37
246            <intent-filter>
246-->[:firebase_messaging] AndroidManifest.xml:21:13-23:29
247                <action android:name="com.google.firebase.MESSAGING_EVENT" />
247-->[:firebase_messaging] AndroidManifest.xml:22:17-78
247-->[:firebase_messaging] AndroidManifest.xml:22:25-75
248            </intent-filter>
249        </service>
250
251        <receiver
251-->[:firebase_messaging] AndroidManifest.xml:26:9-33:20
252            android:name="io.flutter.plugins.firebase.messaging.FlutterFirebaseMessagingReceiver"
252-->[:firebase_messaging] AndroidManifest.xml:27:13-98
253            android:exported="true"
253-->[:firebase_messaging] AndroidManifest.xml:28:13-36
254            android:permission="com.google.android.c2dm.permission.SEND" >
254-->[:firebase_messaging] AndroidManifest.xml:29:13-73
255            <intent-filter>
255-->[:firebase_messaging] AndroidManifest.xml:30:13-32:29
256                <action android:name="com.google.android.c2dm.intent.RECEIVE" />
256-->[:firebase_messaging] AndroidManifest.xml:31:17-81
256-->[:firebase_messaging] AndroidManifest.xml:31:25-78
257            </intent-filter>
258        </receiver>
259
260        <provider
260-->[:firebase_messaging] AndroidManifest.xml:41:9-45:38
261            android:name="io.flutter.plugins.firebase.messaging.FlutterFirebaseMessagingInitProvider"
261-->[:firebase_messaging] AndroidManifest.xml:42:13-102
262            android:authorities="com.app.outfitstyle.flutterfirebasemessaginginitprovider"
262-->[:firebase_messaging] AndroidManifest.xml:43:13-88
263            android:exported="false"
263-->[:firebase_messaging] AndroidManifest.xml:44:13-37
264            android:initOrder="99" />
264-->[:firebase_messaging] AndroidManifest.xml:45:13-35
265
266        <activity
266-->[com.google.firebase:firebase-auth:22.3.1] AndroidManifest.xml:29:9-46:20
267            android:name="com.google.firebase.auth.internal.GenericIdpActivity"
267-->[com.google.firebase:firebase-auth:22.3.1] AndroidManifest.xml:30:13-80
268            android:excludeFromRecents="true"
268-->[com.google.firebase:firebase-auth:22.3.1] AndroidManifest.xml:31:13-46
269            android:exported="true"
269-->[com.google.firebase:firebase-auth:22.3.1] AndroidManifest.xml:32:13-36
270            android:launchMode="singleTask"
270-->[com.google.firebase:firebase-auth:22.3.1] AndroidManifest.xml:33:13-44
271            android:theme="@android:style/Theme.Translucent.NoTitleBar" >
271-->[com.google.firebase:firebase-auth:22.3.1] AndroidManifest.xml:34:13-72
272            <intent-filter>
272-->[com.google.firebase:firebase-auth:22.3.1] AndroidManifest.xml:35:13-45:29
273                <action android:name="android.intent.action.VIEW" />
273-->[com.google.firebase:firebase-auth:22.3.1] AndroidManifest.xml:36:17-69
273-->[com.google.firebase:firebase-auth:22.3.1] AndroidManifest.xml:36:25-66
274
275                <category android:name="android.intent.category.DEFAULT" />
275-->[com.google.firebase:firebase-auth:22.3.1] AndroidManifest.xml:38:17-76
275-->[com.google.firebase:firebase-auth:22.3.1] AndroidManifest.xml:38:27-73
276                <category android:name="android.intent.category.BROWSABLE" />
276-->[com.google.firebase:firebase-auth:22.3.1] AndroidManifest.xml:39:17-78
276-->[com.google.firebase:firebase-auth:22.3.1] AndroidManifest.xml:39:27-75
277
278                <data
278-->src\main\AndroidManifest.xml:80:13-50
279                    android:host="firebase.auth"
280                    android:path="/"
281                    android:scheme="genericidp" />
282            </intent-filter>
283        </activity>
284        <activity
284-->[com.google.firebase:firebase-auth:22.3.1] AndroidManifest.xml:47:9-64:20
285            android:name="com.google.firebase.auth.internal.RecaptchaActivity"
285-->[com.google.firebase:firebase-auth:22.3.1] AndroidManifest.xml:48:13-79
286            android:excludeFromRecents="true"
286-->[com.google.firebase:firebase-auth:22.3.1] AndroidManifest.xml:49:13-46
287            android:exported="true"
287-->[com.google.firebase:firebase-auth:22.3.1] AndroidManifest.xml:50:13-36
288            android:launchMode="singleTask"
288-->[com.google.firebase:firebase-auth:22.3.1] AndroidManifest.xml:51:13-44
289            android:theme="@android:style/Theme.Translucent.NoTitleBar" >
289-->[com.google.firebase:firebase-auth:22.3.1] AndroidManifest.xml:52:13-72
290            <intent-filter>
290-->[com.google.firebase:firebase-auth:22.3.1] AndroidManifest.xml:53:13-63:29
291                <action android:name="android.intent.action.VIEW" />
291-->[com.google.firebase:firebase-auth:22.3.1] AndroidManifest.xml:36:17-69
291-->[com.google.firebase:firebase-auth:22.3.1] AndroidManifest.xml:36:25-66
292
293                <category android:name="android.intent.category.DEFAULT" />
293-->[com.google.firebase:firebase-auth:22.3.1] AndroidManifest.xml:38:17-76
293-->[com.google.firebase:firebase-auth:22.3.1] AndroidManifest.xml:38:27-73
294                <category android:name="android.intent.category.BROWSABLE" />
294-->[com.google.firebase:firebase-auth:22.3.1] AndroidManifest.xml:39:17-78
294-->[com.google.firebase:firebase-auth:22.3.1] AndroidManifest.xml:39:27-75
295